aaaa | aa@aa.aa | 1111 | aaaa 1111 | 57d580dff193c | 1473609999
aaaa | aa@aa.aa | 1111 | aaaa 1111 | 57d58110b67ec | 1473610012
bbb | bb@bb.bb | 2222 | bbbb 2222 | 57d5811e2579c | 1473610034
cccc | cc@cc.cc | 3333 | cccc 3333 | 57d58133c330c | 1473610058
Denis | bbbb@bb.com | 123456789 | bbbbb rtrty546 | 57d5814bf3c64 | 1473661100
sdfsd | sdfsdf@fg | dsfsdf | dsfsdf | Y | 1473665484
в | sdr@df | 34 | rwer | 57d55a02c65d4 | 1473669333
 |  |  |  | 57d55a02c65d4 | 1473669870
 |  |  |  | 57d55a02c65d4 | 1473670022
 |  |  |  | 57d55a02c65d4 | 1473670361
 |  |  |  | 57d55a02c65d4 | 1473670432
 |  |  |  | 57d55a02c65d4 | 1473670463
dfgfhg | hggfh@fghfg | ghghj | hgjhkjhk | 57d55a02c65d4 | 1473670747
dfgfhg | hggfh@fghfg | ghghj | hgjhkjhk | 57d55a02c65d4 | 1473670866
dfgfhg | hggfh@fghfg | ghghj | hgjhkjhk | 57d55a02c65d4 | 1473670883
dfgfhg | hggfh@fghfg | ghghj | hgjhkjhk | 57d55a02c65d4 | 1473670952
dfgfhg | hggfh@fghfg | ghghj | hgjhkjhk | 57d55a02c65d4 | 1473671032
 |  |  |  | 57d55a02c65d4 | 1473671087
kj.kl./ | gfd@df | hyjhg | hjkjhkjhjk ghjgh | 57d55a02c65d4 | 1473671340
fghfgjghj | fdg@dfg | 546576 | rtyhg fgjh | 57d55a02c65d4 | 1473671903
fghfgjghj | fdg@dfg | 546576 | rtyhg fgjh | 57d672df96e10 | 1473672024
fgfhgfh | fg@dfg | 567576 | fgyhtu56768 t6u | 57d672df96e10 | 1473672107
fdgfhgf | ret@retgg | 546576 | fgfh drgrtujh | 57d673ab18a88 | 1473672383
rgfhfgjghj | df@dgdfhfgh | 345657657 | fghfgh fghgg | 57d674bf77240 | 1473672750
rgfhfgjghj | df@dgdfhfgh | 345657657 | fghfgh fghgg | 57d6762ea21c0 | 1473672997
 |  |  |  | 57d6762ea21c0 | 1473673145
fgfhgj | fg@dfgfd | 567658 | dfghg ghjhk | 57d6762ea21c0 | 1473673917
 |  |  |  | 57d6762ea21c0 | 1473674684
sdgfhfg | dfg@dfg | 546576 | dfghgfjh fgjhgjkhg | 57d6762ea21c0 | 1473675431
sdgfdghfg | dfgf@sdfg | 4658 | hfgjh | 57d680a723668 | 1473675777
 |  |  |  | 57d680a723668 | 1473676063
